<?xml version="1.0" encoding="UTF-8"?>
<!-- Generated by org.testng.reporters.JUnitReportReporter -->
<testsuite hostname="NitinSharma" failures="0" tests="4" name="runner.RunCuke" time="36.606" errors="0" timestamp="2022-11-23T15:23:57 IST" skipped="0">
  <testcase classname="runner.RunCuke" name="runScenario" time="9.088"/>
  <system-out/>
  <testcase classname="runner.RunCuke" name="runScenario" time="10.486"/>
  <system-out/>
  <testcase classname="runner.RunCuke" name="runScenario" time="8.680"/>
  <system-out/>
  <testcase classname="runner.RunCuke" name="runScenario" time="8.352"/>
  <system-out/>
</testsuite> <!-- runner.RunCuke -->
